[2025-09-17 14:37:50,695] ASSESSMENT: 🚀 STARTING COMPREHENSIVE ENFORCEMENT ASSESSMENT
[2025-09-17 14:37:50,695] ASSESSMENT: 🔒 TESTING HARD ENFORCEMENT PROTOCOL
[2025-09-17 14:37:50,695] ASSESSMENT: Testing claim: MISSION ACCOMPLISHED
[2025-09-17 14:37:52,236] ASSESSMENT:   ✅ Claim correctly blocked
[2025-09-17 14:37:52,237] ASSESSMENT: Testing claim: CI Pipeline Implementation Complete
[2025-09-17 14:37:53,533] ASSESSMENT:   ✅ Claim correctly blocked
[2025-09-17 14:37:53,533] ASSESSMENT: Testing claim: All systems operational
[2025-09-17 14:37:54,892] ASSESSMENT:   ✅ Claim correctly blocked
[2025-09-17 14:37:54,892] ASSESSMENT: Testing claim: Production ready
[2025-09-17 14:37:56,072] ASSESSMENT:   ✅ Claim correctly blocked
[2025-09-17 14:37:56,072] ASSESSMENT: Testing claim: Deployment successful
[2025-09-17 14:37:57,300] ASSESSMENT:   ✅ Claim correctly blocked
[2025-09-17 14:37:57,301] ASSESSMENT: Testing claim: CI fixes complete
[2025-09-17 14:37:58,583] ASSESSMENT:   ✅ Claim correctly blocked
[2025-09-17 14:37:58,583] ASSESSMENT: 🤝 TESTING MANDATORY CONSENSUS PROTOCOL
[2025-09-17 14:37:58,584] ASSESSMENT: Testing consensus for: ci_pipeline_status
[2025-09-17 14:37:58,783] ASSESSMENT:   ✅ Consensus correctly required
[2025-09-17 14:37:58,783] ASSESSMENT: Testing consensus for: operational_readiness
[2025-09-17 14:37:58,966] ASSESSMENT:   ✅ Consensus correctly required
[2025-09-17 14:37:58,966] ASSESSMENT: Testing consensus for: mission_accomplished
[2025-09-17 14:37:59,158] ASSESSMENT:   ✅ Consensus correctly required
[2025-09-17 14:37:59,158] ASSESSMENT: 📊 TESTING VERIFIED STATUS SYSTEM
[2025-09-17 14:37:59,159] ASSESSMENT: Testing status claim: MISSION ACCOMPLISHED
[2025-09-17 14:38:01,530] ASSESSMENT:   ⚠️ Unclear enforcement result
[2025-09-17 14:38:01,530] ASSESSMENT: Testing status claim: CI Pipeline Implementation Complete
[2025-09-17 14:38:03,906] ASSESSMENT:   ⚠️ Unclear enforcement result
[2025-09-17 14:38:03,907] ASSESSMENT: Testing status claim: All systems operational
[2025-09-17 14:38:06,141] ASSESSMENT:   ⚠️ Unclear enforcement result
[2025-09-17 14:38:06,142] ASSESSMENT: Testing status claim: Production ready
[2025-09-17 14:38:08,572] ASSESSMENT:   ⚠️ Unclear enforcement result
[2025-09-17 14:38:08,573] ASSESSMENT: Testing status claim: Deployment successful
[2025-09-17 14:38:11,038] ASSESSMENT:   ⚠️ Unclear enforcement result
[2025-09-17 14:38:11,038] ASSESSMENT: Testing status claim: CI fixes complete
[2025-09-17 14:38:13,572] ASSESSMENT:   ⚠️ Unclear enforcement result
[2025-09-17 14:38:13,573] ASSESSMENT: 🔍 TESTING ACTUAL CI PIPELINE STATUS
