[2025-09-17 14:32:40,797] ENFORCEMENT: 🔒 MANDATORY ENFORCEMENT CHECK for claim: MISSION ACCOMPLISHED
[2025-09-17 14:32:40,797] ENFORCEMENT: 🔒 INITIATING HARD ENFORCEMENT VERIFICATION...
[2025-09-17 14:32:41,966] ENFORCEMENT: ====================================================================================================
[2025-09-17 14:32:41,966] ENFORCEMENT: 🔒 HARD ENFORCEMENT VERIFICATION RESULT
[2025-09-17 14:32:41,966] ENFORCEMENT: ====================================================================================================
[2025-09-17 14:32:41,967] ENFORCEMENT: Timestamp: 2025-09-17 14:32:41.966060
[2025-09-17 14:32:41,967] ENFORCEMENT: Enforcement Status: 🚨 3/3 CI PIPELINES FAILING
[2025-09-17 14:32:41,968] ENFORCEMENT: Enforcement Action: BLOCK_ALL_SUCCESS_CLAIMS
[2025-09-17 14:32:41,968] ENFORCEMENT: 
[2025-09-17 14:32:41,968] ENFORCEMENT: 🚨 Stellar Hummingbot Connector CI: missing / critical_failure
[2025-09-17 14:32:41,968] ENFORCEMENT: 🚨 Production Deployment Pipeline: missing / critical_failure
[2025-09-17 14:32:41,968] ENFORCEMENT: 🚨 CI Health Dashboard: completed / failure
[2025-09-17 14:32:41,969] ENFORCEMENT: 
[2025-09-17 14:32:41,969] ENFORCEMENT: 🚨 CRITICAL ENFORCEMENT VIOLATIONS:
[2025-09-17 14:32:41,969] ENFORCEMENT:    - Stellar Hummingbot Connector CI: missing / critical_failure
[2025-09-17 14:32:41,969] ENFORCEMENT:    - Production Deployment Pipeline: missing / critical_failure
[2025-09-17 14:32:41,969] ENFORCEMENT:    - CI Health Dashboard: completed / failure
[2025-09-17 14:32:41,970] ENFORCEMENT: ====================================================================================================
[2025-09-17 14:32:41,970] ENFORCEMENT: 🚨 BLOCKING FALSE SUCCESS CLAIM
[2025-09-17 14:33:42,443] ENFORCEMENT: 🔒 ENFORCING VERIFIED STATUS ONLY for: MISSION ACCOMPLISHED - CI Pipeline fixes complete
[2025-09-17 14:33:42,443] ENFORCEMENT: 📊 GENERATING VERIFIED SYSTEM STATUS
[2025-09-17 14:33:42,444] ENFORCEMENT: 🔍 VERIFYING CI PIPELINE STATUS
[2025-09-17 14:33:42,444] ENFORCEMENT: 🔒 INITIATING HARD ENFORCEMENT VERIFICATION...
[2025-09-17 14:33:43,578] ENFORCEMENT: ====================================================================================================
[2025-09-17 14:33:43,578] ENFORCEMENT: 🔒 HARD ENFORCEMENT VERIFICATION RESULT
[2025-09-17 14:33:43,578] ENFORCEMENT: ====================================================================================================
[2025-09-17 14:33:43,579] ENFORCEMENT: Timestamp: 2025-09-17 14:33:43.578413
[2025-09-17 14:33:43,579] ENFORCEMENT: Enforcement Status: 🚨 3/3 CI PIPELINES FAILING
[2025-09-17 14:33:43,579] ENFORCEMENT: Enforcement Action: BLOCK_ALL_SUCCESS_CLAIMS
[2025-09-17 14:33:43,579] ENFORCEMENT: 
[2025-09-17 14:33:43,579] ENFORCEMENT: 🚨 Stellar Hummingbot Connector CI: missing / critical_failure
[2025-09-17 14:33:43,579] ENFORCEMENT: 🚨 Production Deployment Pipeline: missing / critical_failure
[2025-09-17 14:33:43,580] ENFORCEMENT: 🚨 CI Health Dashboard: completed / failure
[2025-09-17 14:33:43,580] ENFORCEMENT: 
[2025-09-17 14:33:43,580] ENFORCEMENT: 🚨 CRITICAL ENFORCEMENT VIOLATIONS:
[2025-09-17 14:33:43,580] ENFORCEMENT:    - Stellar Hummingbot Connector CI: missing / critical_failure
[2025-09-17 14:33:43,580] ENFORCEMENT:    - Production Deployment Pipeline: missing / critical_failure
[2025-09-17 14:33:43,580] ENFORCEMENT:    - CI Health Dashboard: completed / failure
[2025-09-17 14:33:43,580] ENFORCEMENT: ====================================================================================================
[2025-09-17 14:33:43,581] ENFORCEMENT: 🔍 VERIFYING OPERATIONAL READINESS
[2025-09-17 14:33:43,582] ENFORCEMENT: 🔍 VERIFYING CI PIPELINE STATUS
[2025-09-17 14:33:43,582] ENFORCEMENT: 🔒 INITIATING HARD ENFORCEMENT VERIFICATION...
[2025-09-17 14:33:44,652] ENFORCEMENT: ====================================================================================================
[2025-09-17 14:33:44,652] ENFORCEMENT: 🔒 HARD ENFORCEMENT VERIFICATION RESULT
[2025-09-17 14:33:44,652] ENFORCEMENT: ====================================================================================================
[2025-09-17 14:33:44,652] ENFORCEMENT: Timestamp: 2025-09-17 14:33:44.652161
[2025-09-17 14:33:44,653] ENFORCEMENT: Enforcement Status: 🚨 3/3 CI PIPELINES FAILING
[2025-09-17 14:33:44,653] ENFORCEMENT: Enforcement Action: BLOCK_ALL_SUCCESS_CLAIMS
[2025-09-17 14:33:44,653] ENFORCEMENT: 
[2025-09-17 14:33:44,653] ENFORCEMENT: 🚨 Stellar Hummingbot Connector CI: missing / critical_failure
[2025-09-17 14:33:44,653] ENFORCEMENT: 🚨 Production Deployment Pipeline: missing / critical_failure
[2025-09-17 14:33:44,653] ENFORCEMENT: 🚨 CI Health Dashboard: completed / failure
[2025-09-17 14:33:44,654] ENFORCEMENT: 
[2025-09-17 14:33:44,654] ENFORCEMENT: 🚨 CRITICAL ENFORCEMENT VIOLATIONS:
[2025-09-17 14:33:44,654] ENFORCEMENT:    - Stellar Hummingbot Connector CI: missing / critical_failure
[2025-09-17 14:33:44,654] ENFORCEMENT:    - Production Deployment Pipeline: missing / critical_failure
[2025-09-17 14:33:44,654] ENFORCEMENT:    - CI Health Dashboard: completed / failure
[2025-09-17 14:33:44,654] ENFORCEMENT: ====================================================================================================
[2025-09-17 14:33:44,657] ENFORCEMENT: 💾 Verified status saved to logs/verified_system_status.json
[2025-09-17 14:33:44,658] ENFORCEMENT: 🚨 BLOCKING FALSE SUCCESS CLAIM
[2025-09-17 14:33:57,410] ENFORCEMENT: 📊 GENERATING VERIFIED SYSTEM STATUS
[2025-09-17 14:33:57,410] ENFORCEMENT: 🔍 VERIFYING CI PIPELINE STATUS
[2025-09-17 14:33:57,411] ENFORCEMENT: 🔒 INITIATING HARD ENFORCEMENT VERIFICATION...
[2025-09-17 14:33:58,492] ENFORCEMENT: ====================================================================================================
[2025-09-17 14:33:58,493] ENFORCEMENT: 🔒 HARD ENFORCEMENT VERIFICATION RESULT
[2025-09-17 14:33:58,493] ENFORCEMENT: ====================================================================================================
[2025-09-17 14:33:58,493] ENFORCEMENT: Timestamp: 2025-09-17 14:33:58.492716
[2025-09-17 14:33:58,493] ENFORCEMENT: Enforcement Status: 🚨 3/3 CI PIPELINES FAILING
[2025-09-17 14:33:58,494] ENFORCEMENT: Enforcement Action: BLOCK_ALL_SUCCESS_CLAIMS
[2025-09-17 14:33:58,494] ENFORCEMENT: 
[2025-09-17 14:33:58,494] ENFORCEMENT: 🚨 Stellar Hummingbot Connector CI: missing / critical_failure
[2025-09-17 14:33:58,494] ENFORCEMENT: 🚨 Production Deployment Pipeline: missing / critical_failure
[2025-09-17 14:33:58,494] ENFORCEMENT: 🚨 CI Health Dashboard: completed / failure
[2025-09-17 14:33:58,494] ENFORCEMENT: 
[2025-09-17 14:33:58,494] ENFORCEMENT: 🚨 CRITICAL ENFORCEMENT VIOLATIONS:
[2025-09-17 14:33:58,495] ENFORCEMENT:    - Stellar Hummingbot Connector CI: missing / critical_failure
[2025-09-17 14:33:58,495] ENFORCEMENT:    - Production Deployment Pipeline: missing / critical_failure
[2025-09-17 14:33:58,495] ENFORCEMENT:    - CI Health Dashboard: completed / failure
[2025-09-17 14:33:58,495] ENFORCEMENT: ====================================================================================================
[2025-09-17 14:33:58,497] ENFORCEMENT: 🔍 VERIFYING OPERATIONAL READINESS
[2025-09-17 14:33:58,497] ENFORCEMENT: 🔍 VERIFYING CI PIPELINE STATUS
[2025-09-17 14:33:58,497] ENFORCEMENT: 🔒 INITIATING HARD ENFORCEMENT VERIFICATION...
[2025-09-17 14:33:59,571] ENFORCEMENT: ====================================================================================================
[2025-09-17 14:33:59,572] ENFORCEMENT: 🔒 HARD ENFORCEMENT VERIFICATION RESULT
[2025-09-17 14:33:59,572] ENFORCEMENT: ====================================================================================================
[2025-09-17 14:33:59,572] ENFORCEMENT: Timestamp: 2025-09-17 14:33:59.571239
[2025-09-17 14:33:59,572] ENFORCEMENT: Enforcement Status: 🚨 3/3 CI PIPELINES FAILING
[2025-09-17 14:33:59,572] ENFORCEMENT: Enforcement Action: BLOCK_ALL_SUCCESS_CLAIMS
[2025-09-17 14:33:59,573] ENFORCEMENT: 
[2025-09-17 14:33:59,573] ENFORCEMENT: 🚨 Stellar Hummingbot Connector CI: missing / critical_failure
[2025-09-17 14:33:59,573] ENFORCEMENT: 🚨 Production Deployment Pipeline: missing / critical_failure
[2025-09-17 14:33:59,573] ENFORCEMENT: 🚨 CI Health Dashboard: completed / failure
[2025-09-17 14:33:59,573] ENFORCEMENT: 
[2025-09-17 14:33:59,573] ENFORCEMENT: 🚨 CRITICAL ENFORCEMENT VIOLATIONS:
[2025-09-17 14:33:59,574] ENFORCEMENT:    - Stellar Hummingbot Connector CI: missing / critical_failure
[2025-09-17 14:33:59,574] ENFORCEMENT:    - Production Deployment Pipeline: missing / critical_failure
[2025-09-17 14:33:59,574] ENFORCEMENT:    - CI Health Dashboard: completed / failure
[2025-09-17 14:33:59,574] ENFORCEMENT: ====================================================================================================
[2025-09-17 14:33:59,577] ENFORCEMENT: 💾 Verified status saved to logs/verified_system_status.json
[2025-09-17 14:37:50,845] ENFORCEMENT: 🔒 MANDATORY ENFORCEMENT CHECK for claim: MISSION ACCOMPLISHED
[2025-09-17 14:37:50,845] ENFORCEMENT: 🔒 INITIATING HARD ENFORCEMENT VERIFICATION...
[2025-09-17 14:37:52,192] ENFORCEMENT: ====================================================================================================
[2025-09-17 14:37:52,193] ENFORCEMENT: 🔒 HARD ENFORCEMENT VERIFICATION RESULT
[2025-09-17 14:37:52,193] ENFORCEMENT: ====================================================================================================
[2025-09-17 14:37:52,193] ENFORCEMENT: Timestamp: 2025-09-17 14:37:52.192824
[2025-09-17 14:37:52,193] ENFORCEMENT: Enforcement Status: 🚨 3/3 CI PIPELINES FAILING
[2025-09-17 14:37:52,194] ENFORCEMENT: Enforcement Action: BLOCK_ALL_SUCCESS_CLAIMS
[2025-09-17 14:37:52,194] ENFORCEMENT: 
[2025-09-17 14:37:52,194] ENFORCEMENT: 🚨 Stellar Hummingbot Connector CI: missing / critical_failure
[2025-09-17 14:37:52,194] ENFORCEMENT: 🚨 Production Deployment Pipeline: missing / critical_failure
[2025-09-17 14:37:52,194] ENFORCEMENT: 🚨 CI Health Dashboard: completed / failure
[2025-09-17 14:37:52,194] ENFORCEMENT: 
[2025-09-17 14:37:52,194] ENFORCEMENT: 🚨 CRITICAL ENFORCEMENT VIOLATIONS:
[2025-09-17 14:37:52,195] ENFORCEMENT:    - Stellar Hummingbot Connector CI: missing / critical_failure
[2025-09-17 14:37:52,195] ENFORCEMENT:    - Production Deployment Pipeline: missing / critical_failure
[2025-09-17 14:37:52,195] ENFORCEMENT:    - CI Health Dashboard: completed / failure
[2025-09-17 14:37:52,195] ENFORCEMENT: ====================================================================================================
[2025-09-17 14:37:52,197] ENFORCEMENT: 🚨 BLOCKING FALSE SUCCESS CLAIM
[2025-09-17 14:37:52,413] ENFORCEMENT: 🔒 MANDATORY ENFORCEMENT CHECK for claim: CI Pipeline Implementation Complete
[2025-09-17 14:37:52,414] ENFORCEMENT: 🔒 INITIATING HARD ENFORCEMENT VERIFICATION...
[2025-09-17 14:37:53,448] ENFORCEMENT: ====================================================================================================
[2025-09-17 14:37:53,449] ENFORCEMENT: 🔒 HARD ENFORCEMENT VERIFICATION RESULT
[2025-09-17 14:37:53,449] ENFORCEMENT: ====================================================================================================
[2025-09-17 14:37:53,449] ENFORCEMENT: Timestamp: 2025-09-17 14:37:53.448865
[2025-09-17 14:37:53,450] ENFORCEMENT: Enforcement Status: 🚨 3/3 CI PIPELINES FAILING
[2025-09-17 14:37:53,450] ENFORCEMENT: Enforcement Action: BLOCK_ALL_SUCCESS_CLAIMS
[2025-09-17 14:37:53,450] ENFORCEMENT: 
[2025-09-17 14:37:53,450] ENFORCEMENT: 🚨 Stellar Hummingbot Connector CI: missing / critical_failure
[2025-09-17 14:37:53,450] ENFORCEMENT: 🚨 Production Deployment Pipeline: missing / critical_failure
[2025-09-17 14:37:53,451] ENFORCEMENT: 🚨 CI Health Dashboard: completed / failure
[2025-09-17 14:37:53,451] ENFORCEMENT: 
[2025-09-17 14:37:53,451] ENFORCEMENT: 🚨 CRITICAL ENFORCEMENT VIOLATIONS:
[2025-09-17 14:37:53,451] ENFORCEMENT:    - Stellar Hummingbot Connector CI: missing / critical_failure
[2025-09-17 14:37:53,451] ENFORCEMENT:    - Production Deployment Pipeline: missing / critical_failure
[2025-09-17 14:37:53,453] ENFORCEMENT:    - CI Health Dashboard: completed / failure
[2025-09-17 14:37:53,454] ENFORCEMENT: ====================================================================================================
[2025-09-17 14:37:53,467] ENFORCEMENT: 🚨 BLOCKING FALSE SUCCESS CLAIM
[2025-09-17 14:37:53,678] ENFORCEMENT: 🔒 MANDATORY ENFORCEMENT CHECK for claim: All systems operational
[2025-09-17 14:37:53,679] ENFORCEMENT: 🔒 INITIATING HARD ENFORCEMENT VERIFICATION...
[2025-09-17 14:37:54,853] ENFORCEMENT: ====================================================================================================
[2025-09-17 14:37:54,853] ENFORCEMENT: 🔒 HARD ENFORCEMENT VERIFICATION RESULT
[2025-09-17 14:37:54,853] ENFORCEMENT: ====================================================================================================
[2025-09-17 14:37:54,854] ENFORCEMENT: Timestamp: 2025-09-17 14:37:54.853038
[2025-09-17 14:37:54,854] ENFORCEMENT: Enforcement Status: 🚨 3/3 CI PIPELINES FAILING
[2025-09-17 14:37:54,854] ENFORCEMENT: Enforcement Action: BLOCK_ALL_SUCCESS_CLAIMS
[2025-09-17 14:37:54,854] ENFORCEMENT: 
[2025-09-17 14:37:54,855] ENFORCEMENT: 🚨 Stellar Hummingbot Connector CI: missing / critical_failure
[2025-09-17 14:37:54,855] ENFORCEMENT: 🚨 Production Deployment Pipeline: missing / critical_failure
[2025-09-17 14:37:54,855] ENFORCEMENT: 🚨 CI Health Dashboard: completed / failure
[2025-09-17 14:37:54,855] ENFORCEMENT: 
[2025-09-17 14:37:54,856] ENFORCEMENT: 🚨 CRITICAL ENFORCEMENT VIOLATIONS:
[2025-09-17 14:37:54,856] ENFORCEMENT:    - Stellar Hummingbot Connector CI: missing / critical_failure
[2025-09-17 14:37:54,856] ENFORCEMENT:    - Production Deployment Pipeline: missing / critical_failure
[2025-09-17 14:37:54,857] ENFORCEMENT:    - CI Health Dashboard: completed / failure
[2025-09-17 14:37:54,857] ENFORCEMENT: ====================================================================================================
[2025-09-17 14:37:54,859] ENFORCEMENT: 🚨 BLOCKING FALSE SUCCESS CLAIM
[2025-09-17 14:37:55,067] ENFORCEMENT: 🔒 MANDATORY ENFORCEMENT CHECK for claim: Production ready
[2025-09-17 14:37:55,067] ENFORCEMENT: 🔒 INITIATING HARD ENFORCEMENT VERIFICATION...
[2025-09-17 14:37:56,029] ENFORCEMENT: ====================================================================================================
[2025-09-17 14:37:56,030] ENFORCEMENT: 🔒 HARD ENFORCEMENT VERIFICATION RESULT
[2025-09-17 14:37:56,030] ENFORCEMENT: ====================================================================================================
[2025-09-17 14:37:56,030] ENFORCEMENT: Timestamp: 2025-09-17 14:37:56.029470
[2025-09-17 14:37:56,030] ENFORCEMENT: Enforcement Status: 🚨 3/3 CI PIPELINES FAILING
[2025-09-17 14:37:56,031] ENFORCEMENT: Enforcement Action: BLOCK_ALL_SUCCESS_CLAIMS
[2025-09-17 14:37:56,031] ENFORCEMENT: 
[2025-09-17 14:37:56,031] ENFORCEMENT: 🚨 Stellar Hummingbot Connector CI: missing / critical_failure
[2025-09-17 14:37:56,031] ENFORCEMENT: 🚨 Production Deployment Pipeline: missing / critical_failure
[2025-09-17 14:37:56,032] ENFORCEMENT: 🚨 CI Health Dashboard: completed / failure
[2025-09-17 14:37:56,032] ENFORCEMENT: 
[2025-09-17 14:37:56,032] ENFORCEMENT: 🚨 CRITICAL ENFORCEMENT VIOLATIONS:
[2025-09-17 14:37:56,032] ENFORCEMENT:    - Stellar Hummingbot Connector CI: missing / critical_failure
[2025-09-17 14:37:56,033] ENFORCEMENT:    - Production Deployment Pipeline: missing / critical_failure
[2025-09-17 14:37:56,033] ENFORCEMENT:    - CI Health Dashboard: completed / failure
[2025-09-17 14:37:56,033] ENFORCEMENT: ====================================================================================================
[2025-09-17 14:37:56,036] ENFORCEMENT: 🚨 BLOCKING FALSE SUCCESS CLAIM
[2025-09-17 14:37:56,216] ENFORCEMENT: 🔒 MANDATORY ENFORCEMENT CHECK for claim: Deployment successful
[2025-09-17 14:37:56,216] ENFORCEMENT: 🔒 INITIATING HARD ENFORCEMENT VERIFICATION...
[2025-09-17 14:37:57,252] ENFORCEMENT: ====================================================================================================
[2025-09-17 14:37:57,253] ENFORCEMENT: 🔒 HARD ENFORCEMENT VERIFICATION RESULT
[2025-09-17 14:37:57,253] ENFORCEMENT: ====================================================================================================
[2025-09-17 14:37:57,253] ENFORCEMENT: Timestamp: 2025-09-17 14:37:57.252913
[2025-09-17 14:37:57,254] ENFORCEMENT: Enforcement Status: 🚨 3/3 CI PIPELINES FAILING
[2025-09-17 14:37:57,254] ENFORCEMENT: Enforcement Action: BLOCK_ALL_SUCCESS_CLAIMS
[2025-09-17 14:37:57,254] ENFORCEMENT: 
[2025-09-17 14:37:57,254] ENFORCEMENT: 🚨 Stellar Hummingbot Connector CI: missing / critical_failure
[2025-09-17 14:37:57,254] ENFORCEMENT: 🚨 Production Deployment Pipeline: missing / critical_failure
[2025-09-17 14:37:57,254] ENFORCEMENT: 🚨 CI Health Dashboard: completed / failure
[2025-09-17 14:37:57,255] ENFORCEMENT: 
[2025-09-17 14:37:57,255] ENFORCEMENT: 🚨 CRITICAL ENFORCEMENT VIOLATIONS:
[2025-09-17 14:37:57,255] ENFORCEMENT:    - Stellar Hummingbot Connector CI: missing / critical_failure
[2025-09-17 14:37:57,255] ENFORCEMENT:    - Production Deployment Pipeline: missing / critical_failure
[2025-09-17 14:37:57,255] ENFORCEMENT:    - CI Health Dashboard: completed / failure
[2025-09-17 14:37:57,255] ENFORCEMENT: ====================================================================================================
[2025-09-17 14:37:57,260] ENFORCEMENT: 🚨 BLOCKING FALSE SUCCESS CLAIM
[2025-09-17 14:37:57,511] ENFORCEMENT: 🔒 MANDATORY ENFORCEMENT CHECK for claim: CI fixes complete
[2025-09-17 14:37:57,512] ENFORCEMENT: 🔒 INITIATING HARD ENFORCEMENT VERIFICATION...
[2025-09-17 14:37:58,548] ENFORCEMENT: ====================================================================================================
[2025-09-17 14:37:58,549] ENFORCEMENT: 🔒 HARD ENFORCEMENT VERIFICATION RESULT
[2025-09-17 14:37:58,549] ENFORCEMENT: ====================================================================================================
[2025-09-17 14:37:58,550] ENFORCEMENT: Timestamp: 2025-09-17 14:37:58.548821
[2025-09-17 14:37:58,550] ENFORCEMENT: Enforcement Status: 🚨 3/3 CI PIPELINES FAILING
[2025-09-17 14:37:58,550] ENFORCEMENT: Enforcement Action: BLOCK_ALL_SUCCESS_CLAIMS
[2025-09-17 14:37:58,550] ENFORCEMENT: 
[2025-09-17 14:37:58,550] ENFORCEMENT: 🚨 Stellar Hummingbot Connector CI: missing / critical_failure
[2025-09-17 14:37:58,551] ENFORCEMENT: 🚨 Production Deployment Pipeline: missing / critical_failure
[2025-09-17 14:37:58,551] ENFORCEMENT: 🚨 CI Health Dashboard: completed / failure
[2025-09-17 14:37:58,551] ENFORCEMENT: 
[2025-09-17 14:37:58,551] ENFORCEMENT: 🚨 CRITICAL ENFORCEMENT VIOLATIONS:
[2025-09-17 14:37:58,551] ENFORCEMENT:    - Stellar Hummingbot Connector CI: missing / critical_failure
[2025-09-17 14:37:58,552] ENFORCEMENT:    - Production Deployment Pipeline: missing / critical_failure
[2025-09-17 14:37:58,552] ENFORCEMENT:    - CI Health Dashboard: completed / failure
[2025-09-17 14:37:58,552] ENFORCEMENT: ====================================================================================================
[2025-09-17 14:37:58,554] ENFORCEMENT: 🚨 BLOCKING FALSE SUCCESS CLAIM
[2025-09-17 14:37:59,338] ENFORCEMENT: 🔒 ENFORCING VERIFIED STATUS ONLY for: MISSION ACCOMPLISHED
[2025-09-17 14:37:59,338] ENFORCEMENT: 📊 GENERATING VERIFIED SYSTEM STATUS
[2025-09-17 14:37:59,339] ENFORCEMENT: 🔍 VERIFYING CI PIPELINE STATUS
[2025-09-17 14:37:59,339] ENFORCEMENT: 🔒 INITIATING HARD ENFORCEMENT VERIFICATION...
[2025-09-17 14:38:00,387] ENFORCEMENT: ====================================================================================================
[2025-09-17 14:38:00,387] ENFORCEMENT: 🔒 HARD ENFORCEMENT VERIFICATION RESULT
[2025-09-17 14:38:00,387] ENFORCEMENT: ====================================================================================================
[2025-09-17 14:38:00,388] ENFORCEMENT: Timestamp: 2025-09-17 14:38:00.387054
[2025-09-17 14:38:00,388] ENFORCEMENT: Enforcement Status: 🚨 3/3 CI PIPELINES FAILING
[2025-09-17 14:38:00,388] ENFORCEMENT: Enforcement Action: BLOCK_ALL_SUCCESS_CLAIMS
[2025-09-17 14:38:00,388] ENFORCEMENT: 
[2025-09-17 14:38:00,388] ENFORCEMENT: 🚨 Stellar Hummingbot Connector CI: missing / critical_failure
[2025-09-17 14:38:00,389] ENFORCEMENT: 🚨 Production Deployment Pipeline: missing / critical_failure
[2025-09-17 14:38:00,389] ENFORCEMENT: 🚨 CI Health Dashboard: completed / failure
[2025-09-17 14:38:00,389] ENFORCEMENT: 
[2025-09-17 14:38:00,389] ENFORCEMENT: 🚨 CRITICAL ENFORCEMENT VIOLATIONS:
[2025-09-17 14:38:00,389] ENFORCEMENT:    - Stellar Hummingbot Connector CI: missing / critical_failure
[2025-09-17 14:38:00,389] ENFORCEMENT:    - Production Deployment Pipeline: missing / critical_failure
[2025-09-17 14:38:00,390] ENFORCEMENT:    - CI Health Dashboard: completed / failure
[2025-09-17 14:38:00,390] ENFORCEMENT: ====================================================================================================
[2025-09-17 14:38:00,392] ENFORCEMENT: 🔍 VERIFYING OPERATIONAL READINESS
[2025-09-17 14:38:00,392] ENFORCEMENT: 🔍 VERIFYING CI PIPELINE STATUS
[2025-09-17 14:38:00,393] ENFORCEMENT: 🔒 INITIATING HARD ENFORCEMENT VERIFICATION...
[2025-09-17 14:38:01,475] ENFORCEMENT: ====================================================================================================
[2025-09-17 14:38:01,475] ENFORCEMENT: 🔒 HARD ENFORCEMENT VERIFICATION RESULT
[2025-09-17 14:38:01,476] ENFORCEMENT: ====================================================================================================
[2025-09-17 14:38:01,477] ENFORCEMENT: Timestamp: 2025-09-17 14:38:01.475396
[2025-09-17 14:38:01,477] ENFORCEMENT: Enforcement Status: 🚨 3/3 CI PIPELINES FAILING
[2025-09-17 14:38:01,477] ENFORCEMENT: Enforcement Action: BLOCK_ALL_SUCCESS_CLAIMS
[2025-09-17 14:38:01,477] ENFORCEMENT: 
[2025-09-17 14:38:01,477] ENFORCEMENT: 🚨 Stellar Hummingbot Connector CI: missing / critical_failure
[2025-09-17 14:38:01,478] ENFORCEMENT: 🚨 Production Deployment Pipeline: missing / critical_failure
[2025-09-17 14:38:01,479] ENFORCEMENT: 🚨 CI Health Dashboard: completed / failure
[2025-09-17 14:38:01,479] ENFORCEMENT: 
[2025-09-17 14:38:01,480] ENFORCEMENT: 🚨 CRITICAL ENFORCEMENT VIOLATIONS:
[2025-09-17 14:38:01,480] ENFORCEMENT:    - Stellar Hummingbot Connector CI: missing / critical_failure
[2025-09-17 14:38:01,481] ENFORCEMENT:    - Production Deployment Pipeline: missing / critical_failure
[2025-09-17 14:38:01,481] ENFORCEMENT:    - CI Health Dashboard: completed / failure
[2025-09-17 14:38:01,482] ENFORCEMENT: ====================================================================================================
[2025-09-17 14:38:01,490] ENFORCEMENT: 💾 Verified status saved to logs/verified_system_status.json
[2025-09-17 14:38:01,491] ENFORCEMENT: 🚨 BLOCKING FALSE SUCCESS CLAIM
[2025-09-17 14:38:01,715] ENFORCEMENT: 🔒 ENFORCING VERIFIED STATUS ONLY for: CI Pipeline Implementation Complete
[2025-09-17 14:38:01,715] ENFORCEMENT: 📊 GENERATING VERIFIED SYSTEM STATUS
[2025-09-17 14:38:01,716] ENFORCEMENT: 🔍 VERIFYING CI PIPELINE STATUS
[2025-09-17 14:38:01,716] ENFORCEMENT: 🔒 INITIATING HARD ENFORCEMENT VERIFICATION...
[2025-09-17 14:38:02,760] ENFORCEMENT: ====================================================================================================
[2025-09-17 14:38:02,760] ENFORCEMENT: 🔒 HARD ENFORCEMENT VERIFICATION RESULT
[2025-09-17 14:38:02,761] ENFORCEMENT: ====================================================================================================
[2025-09-17 14:38:02,761] ENFORCEMENT: Timestamp: 2025-09-17 14:38:02.760333
[2025-09-17 14:38:02,761] ENFORCEMENT: Enforcement Status: 🚨 3/3 CI PIPELINES FAILING
[2025-09-17 14:38:02,761] ENFORCEMENT: Enforcement Action: BLOCK_ALL_SUCCESS_CLAIMS
[2025-09-17 14:38:02,761] ENFORCEMENT: 
[2025-09-17 14:38:02,761] ENFORCEMENT: 🚨 Stellar Hummingbot Connector CI: missing / critical_failure
[2025-09-17 14:38:02,762] ENFORCEMENT: 🚨 Production Deployment Pipeline: missing / critical_failure
[2025-09-17 14:38:02,762] ENFORCEMENT: 🚨 CI Health Dashboard: completed / failure
[2025-09-17 14:38:02,762] ENFORCEMENT: 
[2025-09-17 14:38:02,762] ENFORCEMENT: 🚨 CRITICAL ENFORCEMENT VIOLATIONS:
[2025-09-17 14:38:02,762] ENFORCEMENT:    - Stellar Hummingbot Connector CI: missing / critical_failure
[2025-09-17 14:38:02,762] ENFORCEMENT:    - Production Deployment Pipeline: missing / critical_failure
[2025-09-17 14:38:02,762] ENFORCEMENT:    - CI Health Dashboard: completed / failure
[2025-09-17 14:38:02,763] ENFORCEMENT: ====================================================================================================
[2025-09-17 14:38:02,767] ENFORCEMENT: 🔍 VERIFYING OPERATIONAL READINESS
[2025-09-17 14:38:02,767] ENFORCEMENT: 🔍 VERIFYING CI PIPELINE STATUS
[2025-09-17 14:38:02,768] ENFORCEMENT: 🔒 INITIATING HARD ENFORCEMENT VERIFICATION...
[2025-09-17 14:38:03,863] ENFORCEMENT: ====================================================================================================
[2025-09-17 14:38:03,864] ENFORCEMENT: 🔒 HARD ENFORCEMENT VERIFICATION RESULT
[2025-09-17 14:38:03,865] ENFORCEMENT: ====================================================================================================
[2025-09-17 14:38:03,865] ENFORCEMENT: Timestamp: 2025-09-17 14:38:03.863799
[2025-09-17 14:38:03,865] ENFORCEMENT: Enforcement Status: 🚨 3/3 CI PIPELINES FAILING
[2025-09-17 14:38:03,865] ENFORCEMENT: Enforcement Action: BLOCK_ALL_SUCCESS_CLAIMS
[2025-09-17 14:38:03,866] ENFORCEMENT: 
[2025-09-17 14:38:03,866] ENFORCEMENT: 🚨 Stellar Hummingbot Connector CI: missing / critical_failure
[2025-09-17 14:38:03,866] ENFORCEMENT: 🚨 Production Deployment Pipeline: missing / critical_failure
[2025-09-17 14:38:03,866] ENFORCEMENT: 🚨 CI Health Dashboard: completed / failure
[2025-09-17 14:38:03,866] ENFORCEMENT: 
[2025-09-17 14:38:03,866] ENFORCEMENT: 🚨 CRITICAL ENFORCEMENT VIOLATIONS:
[2025-09-17 14:38:03,867] ENFORCEMENT:    - Stellar Hummingbot Connector CI: missing / critical_failure
[2025-09-17 14:38:03,867] ENFORCEMENT:    - Production Deployment Pipeline: missing / critical_failure
[2025-09-17 14:38:03,867] ENFORCEMENT:    - CI Health Dashboard: completed / failure
[2025-09-17 14:38:03,867] ENFORCEMENT: ====================================================================================================
[2025-09-17 14:38:03,870] ENFORCEMENT: 💾 Verified status saved to logs/verified_system_status.json
[2025-09-17 14:38:04,124] ENFORCEMENT: 🔒 ENFORCING VERIFIED STATUS ONLY for: All systems operational
[2025-09-17 14:38:04,125] ENFORCEMENT: 📊 GENERATING VERIFIED SYSTEM STATUS
[2025-09-17 14:38:04,125] ENFORCEMENT: 🔍 VERIFYING CI PIPELINE STATUS
[2025-09-17 14:38:04,125] ENFORCEMENT: 🔒 INITIATING HARD ENFORCEMENT VERIFICATION...
[2025-09-17 14:38:05,028] ENFORCEMENT: ====================================================================================================
[2025-09-17 14:38:05,028] ENFORCEMENT: 🔒 HARD ENFORCEMENT VERIFICATION RESULT
[2025-09-17 14:38:05,028] ENFORCEMENT: ====================================================================================================
[2025-09-17 14:38:05,029] ENFORCEMENT: Timestamp: 2025-09-17 14:38:05.028401
[2025-09-17 14:38:05,029] ENFORCEMENT: Enforcement Status: 🚨 3/3 CI PIPELINES FAILING
[2025-09-17 14:38:05,029] ENFORCEMENT: Enforcement Action: BLOCK_ALL_SUCCESS_CLAIMS
[2025-09-17 14:38:05,029] ENFORCEMENT: 
[2025-09-17 14:38:05,029] ENFORCEMENT: 🚨 Stellar Hummingbot Connector CI: missing / critical_failure
[2025-09-17 14:38:05,030] ENFORCEMENT: 🚨 Production Deployment Pipeline: missing / critical_failure
[2025-09-17 14:38:05,030] ENFORCEMENT: 🚨 CI Health Dashboard: completed / failure
[2025-09-17 14:38:05,030] ENFORCEMENT: 
[2025-09-17 14:38:05,030] ENFORCEMENT: 🚨 CRITICAL ENFORCEMENT VIOLATIONS:
[2025-09-17 14:38:05,030] ENFORCEMENT:    - Stellar Hummingbot Connector CI: missing / critical_failure
[2025-09-17 14:38:05,030] ENFORCEMENT:    - Production Deployment Pipeline: missing / critical_failure
[2025-09-17 14:38:05,031] ENFORCEMENT:    - CI Health Dashboard: completed / failure
[2025-09-17 14:38:05,031] ENFORCEMENT: ====================================================================================================
[2025-09-17 14:38:05,035] ENFORCEMENT: 🔍 VERIFYING OPERATIONAL READINESS
[2025-09-17 14:38:05,036] ENFORCEMENT: 🔍 VERIFYING CI PIPELINE STATUS
[2025-09-17 14:38:05,036] ENFORCEMENT: 🔒 INITIATING HARD ENFORCEMENT VERIFICATION...
[2025-09-17 14:38:06,101] ENFORCEMENT: ====================================================================================================
[2025-09-17 14:38:06,101] ENFORCEMENT: 🔒 HARD ENFORCEMENT VERIFICATION RESULT
[2025-09-17 14:38:06,101] ENFORCEMENT: ====================================================================================================
[2025-09-17 14:38:06,102] ENFORCEMENT: Timestamp: 2025-09-17 14:38:06.101232
[2025-09-17 14:38:06,102] ENFORCEMENT: Enforcement Status: 🚨 3/3 CI PIPELINES FAILING
[2025-09-17 14:38:06,102] ENFORCEMENT: Enforcement Action: BLOCK_ALL_SUCCESS_CLAIMS
[2025-09-17 14:38:06,102] ENFORCEMENT: 
[2025-09-17 14:38:06,102] ENFORCEMENT: 🚨 Stellar Hummingbot Connector CI: missing / critical_failure
[2025-09-17 14:38:06,102] ENFORCEMENT: 🚨 Production Deployment Pipeline: missing / critical_failure
[2025-09-17 14:38:06,103] ENFORCEMENT: 🚨 CI Health Dashboard: completed / failure
[2025-09-17 14:38:06,103] ENFORCEMENT: 
[2025-09-17 14:38:06,103] ENFORCEMENT: 🚨 CRITICAL ENFORCEMENT VIOLATIONS:
[2025-09-17 14:38:06,103] ENFORCEMENT:    - Stellar Hummingbot Connector CI: missing / critical_failure
[2025-09-17 14:38:06,103] ENFORCEMENT:    - Production Deployment Pipeline: missing / critical_failure
[2025-09-17 14:38:06,103] ENFORCEMENT:    - CI Health Dashboard: completed / failure
[2025-09-17 14:38:06,104] ENFORCEMENT: ====================================================================================================
[2025-09-17 14:38:06,108] ENFORCEMENT: 💾 Verified status saved to logs/verified_system_status.json
[2025-09-17 14:38:06,108] ENFORCEMENT: 🚨 BLOCKING FALSE SUCCESS CLAIM
[2025-09-17 14:38:06,375] ENFORCEMENT: 🔒 ENFORCING VERIFIED STATUS ONLY for: Production ready
[2025-09-17 14:38:06,375] ENFORCEMENT: 📊 GENERATING VERIFIED SYSTEM STATUS
[2025-09-17 14:38:06,375] ENFORCEMENT: 🔍 VERIFYING CI PIPELINE STATUS
[2025-09-17 14:38:06,376] ENFORCEMENT: 🔒 INITIATING HARD ENFORCEMENT VERIFICATION...
[2025-09-17 14:38:07,423] ENFORCEMENT: ====================================================================================================
[2025-09-17 14:38:07,423] ENFORCEMENT: 🔒 HARD ENFORCEMENT VERIFICATION RESULT
[2025-09-17 14:38:07,423] ENFORCEMENT: ====================================================================================================
[2025-09-17 14:38:07,424] ENFORCEMENT: Timestamp: 2025-09-17 14:38:07.422977
[2025-09-17 14:38:07,424] ENFORCEMENT: Enforcement Status: 🚨 3/3 CI PIPELINES FAILING
[2025-09-17 14:38:07,424] ENFORCEMENT: Enforcement Action: BLOCK_ALL_SUCCESS_CLAIMS
[2025-09-17 14:38:07,425] ENFORCEMENT: 
[2025-09-17 14:38:07,425] ENFORCEMENT: 🚨 Stellar Hummingbot Connector CI: missing / critical_failure
[2025-09-17 14:38:07,425] ENFORCEMENT: 🚨 Production Deployment Pipeline: missing / critical_failure
[2025-09-17 14:38:07,425] ENFORCEMENT: 🚨 CI Health Dashboard: completed / failure
[2025-09-17 14:38:07,425] ENFORCEMENT: 
[2025-09-17 14:38:07,426] ENFORCEMENT: 🚨 CRITICAL ENFORCEMENT VIOLATIONS:
[2025-09-17 14:38:07,427] ENFORCEMENT:    - Stellar Hummingbot Connector CI: missing / critical_failure
[2025-09-17 14:38:07,427] ENFORCEMENT:    - Production Deployment Pipeline: missing / critical_failure
[2025-09-17 14:38:07,428] ENFORCEMENT:    - CI Health Dashboard: completed / failure
[2025-09-17 14:38:07,428] ENFORCEMENT: ====================================================================================================
[2025-09-17 14:38:07,434] ENFORCEMENT: 🔍 VERIFYING OPERATIONAL READINESS
[2025-09-17 14:38:07,435] ENFORCEMENT: 🔍 VERIFYING CI PIPELINE STATUS
[2025-09-17 14:38:07,436] ENFORCEMENT: 🔒 INITIATING HARD ENFORCEMENT VERIFICATION...
[2025-09-17 14:38:08,530] ENFORCEMENT: ====================================================================================================
[2025-09-17 14:38:08,531] ENFORCEMENT: 🔒 HARD ENFORCEMENT VERIFICATION RESULT
[2025-09-17 14:38:08,532] ENFORCEMENT: ====================================================================================================
[2025-09-17 14:38:08,532] ENFORCEMENT: Timestamp: 2025-09-17 14:38:08.530539
[2025-09-17 14:38:08,532] ENFORCEMENT: Enforcement Status: 🚨 3/3 CI PIPELINES FAILING
[2025-09-17 14:38:08,532] ENFORCEMENT: Enforcement Action: BLOCK_ALL_SUCCESS_CLAIMS
[2025-09-17 14:38:08,532] ENFORCEMENT: 
[2025-09-17 14:38:08,533] ENFORCEMENT: 🚨 Stellar Hummingbot Connector CI: missing / critical_failure
[2025-09-17 14:38:08,533] ENFORCEMENT: 🚨 Production Deployment Pipeline: missing / critical_failure
[2025-09-17 14:38:08,533] ENFORCEMENT: 🚨 CI Health Dashboard: completed / failure
[2025-09-17 14:38:08,533] ENFORCEMENT: 
[2025-09-17 14:38:08,533] ENFORCEMENT: 🚨 CRITICAL ENFORCEMENT VIOLATIONS:
[2025-09-17 14:38:08,534] ENFORCEMENT:    - Stellar Hummingbot Connector CI: missing / critical_failure
[2025-09-17 14:38:08,534] ENFORCEMENT:    - Production Deployment Pipeline: missing / critical_failure
[2025-09-17 14:38:08,534] ENFORCEMENT:    - CI Health Dashboard: completed / failure
[2025-09-17 14:38:08,534] ENFORCEMENT: ====================================================================================================
[2025-09-17 14:38:08,539] ENFORCEMENT: 💾 Verified status saved to logs/verified_system_status.json
[2025-09-17 14:38:08,757] ENFORCEMENT: 🔒 ENFORCING VERIFIED STATUS ONLY for: Deployment successful
[2025-09-17 14:38:08,758] ENFORCEMENT: 📊 GENERATING VERIFIED SYSTEM STATUS
[2025-09-17 14:38:08,759] ENFORCEMENT: 🔍 VERIFYING CI PIPELINE STATUS
[2025-09-17 14:38:08,760] ENFORCEMENT: 🔒 INITIATING HARD ENFORCEMENT VERIFICATION...
[2025-09-17 14:38:09,901] ENFORCEMENT: ====================================================================================================
[2025-09-17 14:38:09,902] ENFORCEMENT: 🔒 HARD ENFORCEMENT VERIFICATION RESULT
[2025-09-17 14:38:09,902] ENFORCEMENT: ====================================================================================================
[2025-09-17 14:38:09,902] ENFORCEMENT: Timestamp: 2025-09-17 14:38:09.901502
[2025-09-17 14:38:09,902] ENFORCEMENT: Enforcement Status: 🚨 3/3 CI PIPELINES FAILING
[2025-09-17 14:38:09,902] ENFORCEMENT: Enforcement Action: BLOCK_ALL_SUCCESS_CLAIMS
[2025-09-17 14:38:09,902] ENFORCEMENT: 
[2025-09-17 14:38:09,903] ENFORCEMENT: 🚨 Stellar Hummingbot Connector CI: missing / critical_failure
[2025-09-17 14:38:09,903] ENFORCEMENT: 🚨 Production Deployment Pipeline: missing / critical_failure
[2025-09-17 14:38:09,903] ENFORCEMENT: 🚨 CI Health Dashboard: completed / failure
[2025-09-17 14:38:09,903] ENFORCEMENT: 
[2025-09-17 14:38:09,903] ENFORCEMENT: 🚨 CRITICAL ENFORCEMENT VIOLATIONS:
[2025-09-17 14:38:09,903] ENFORCEMENT:    - Stellar Hummingbot Connector CI: missing / critical_failure
[2025-09-17 14:38:09,903] ENFORCEMENT:    - Production Deployment Pipeline: missing / critical_failure
[2025-09-17 14:38:09,904] ENFORCEMENT:    - CI Health Dashboard: completed / failure
[2025-09-17 14:38:09,904] ENFORCEMENT: ====================================================================================================
[2025-09-17 14:38:09,908] ENFORCEMENT: 🔍 VERIFYING OPERATIONAL READINESS
[2025-09-17 14:38:09,908] ENFORCEMENT: 🔍 VERIFYING CI PIPELINE STATUS
[2025-09-17 14:38:09,908] ENFORCEMENT: 🔒 INITIATING HARD ENFORCEMENT VERIFICATION...
[2025-09-17 14:38:10,984] ENFORCEMENT: ====================================================================================================
[2025-09-17 14:38:10,985] ENFORCEMENT: 🔒 HARD ENFORCEMENT VERIFICATION RESULT
[2025-09-17 14:38:10,985] ENFORCEMENT: ====================================================================================================
[2025-09-17 14:38:10,985] ENFORCEMENT: Timestamp: 2025-09-17 14:38:10.984846
[2025-09-17 14:38:10,985] ENFORCEMENT: Enforcement Status: 🚨 3/3 CI PIPELINES FAILING
[2025-09-17 14:38:10,986] ENFORCEMENT: Enforcement Action: BLOCK_ALL_SUCCESS_CLAIMS
[2025-09-17 14:38:10,986] ENFORCEMENT: 
[2025-09-17 14:38:10,986] ENFORCEMENT: 🚨 Stellar Hummingbot Connector CI: missing / critical_failure
[2025-09-17 14:38:10,986] ENFORCEMENT: 🚨 Production Deployment Pipeline: missing / critical_failure
[2025-09-17 14:38:10,986] ENFORCEMENT: 🚨 CI Health Dashboard: completed / failure
[2025-09-17 14:38:10,987] ENFORCEMENT: 
[2025-09-17 14:38:10,987] ENFORCEMENT: 🚨 CRITICAL ENFORCEMENT VIOLATIONS:
[2025-09-17 14:38:10,987] ENFORCEMENT:    - Stellar Hummingbot Connector CI: missing / critical_failure
[2025-09-17 14:38:10,987] ENFORCEMENT:    - Production Deployment Pipeline: missing / critical_failure
[2025-09-17 14:38:10,987] ENFORCEMENT:    - CI Health Dashboard: completed / failure
[2025-09-17 14:38:10,988] ENFORCEMENT: ====================================================================================================
[2025-09-17 14:38:10,994] ENFORCEMENT: 💾 Verified status saved to logs/verified_system_status.json
[2025-09-17 14:38:10,994] ENFORCEMENT: 🚨 BLOCKING FALSE SUCCESS CLAIM
[2025-09-17 14:38:11,237] ENFORCEMENT: 🔒 ENFORCING VERIFIED STATUS ONLY for: CI fixes complete
[2025-09-17 14:38:11,238] ENFORCEMENT: 📊 GENERATING VERIFIED SYSTEM STATUS
[2025-09-17 14:38:11,239] ENFORCEMENT: 🔍 VERIFYING CI PIPELINE STATUS
[2025-09-17 14:38:11,240] ENFORCEMENT: 🔒 INITIATING HARD ENFORCEMENT VERIFICATION...
[2025-09-17 14:38:12,466] ENFORCEMENT: ====================================================================================================
[2025-09-17 14:38:12,467] ENFORCEMENT: 🔒 HARD ENFORCEMENT VERIFICATION RESULT
[2025-09-17 14:38:12,467] ENFORCEMENT: ====================================================================================================
[2025-09-17 14:38:12,467] ENFORCEMENT: Timestamp: 2025-09-17 14:38:12.466882
[2025-09-17 14:38:12,468] ENFORCEMENT: Enforcement Status: 🚨 3/3 CI PIPELINES FAILING
[2025-09-17 14:38:12,468] ENFORCEMENT: Enforcement Action: BLOCK_ALL_SUCCESS_CLAIMS
[2025-09-17 14:38:12,468] ENFORCEMENT: 
[2025-09-17 14:38:12,468] ENFORCEMENT: 🚨 Stellar Hummingbot Connector CI: missing / critical_failure
[2025-09-17 14:38:12,468] ENFORCEMENT: 🚨 Production Deployment Pipeline: missing / critical_failure
[2025-09-17 14:38:12,468] ENFORCEMENT: 🚨 CI Health Dashboard: completed / failure
[2025-09-17 14:38:12,469] ENFORCEMENT: 
[2025-09-17 14:38:12,469] ENFORCEMENT: 🚨 CRITICAL ENFORCEMENT VIOLATIONS:
[2025-09-17 14:38:12,469] ENFORCEMENT:    - Stellar Hummingbot Connector CI: missing / critical_failure
[2025-09-17 14:38:12,469] ENFORCEMENT:    - Production Deployment Pipeline: missing / critical_failure
[2025-09-17 14:38:12,469] ENFORCEMENT:    - CI Health Dashboard: completed / failure
[2025-09-17 14:38:12,469] ENFORCEMENT: ====================================================================================================
[2025-09-17 14:38:12,473] ENFORCEMENT: 🔍 VERIFYING OPERATIONAL READINESS
[2025-09-17 14:38:12,474] ENFORCEMENT: 🔍 VERIFYING CI PIPELINE STATUS
[2025-09-17 14:38:12,474] ENFORCEMENT: 🔒 INITIATING HARD ENFORCEMENT VERIFICATION...
[2025-09-17 14:38:13,535] ENFORCEMENT: ====================================================================================================
[2025-09-17 14:38:13,535] ENFORCEMENT: 🔒 HARD ENFORCEMENT VERIFICATION RESULT
[2025-09-17 14:38:13,535] ENFORCEMENT: ====================================================================================================
[2025-09-17 14:38:13,535] ENFORCEMENT: Timestamp: 2025-09-17 14:38:13.535328
[2025-09-17 14:38:13,536] ENFORCEMENT: Enforcement Status: 🚨 3/3 CI PIPELINES FAILING
[2025-09-17 14:38:13,536] ENFORCEMENT: Enforcement Action: BLOCK_ALL_SUCCESS_CLAIMS
[2025-09-17 14:38:13,536] ENFORCEMENT: 
[2025-09-17 14:38:13,536] ENFORCEMENT: 🚨 Stellar Hummingbot Connector CI: missing / critical_failure
[2025-09-17 14:38:13,536] ENFORCEMENT: 🚨 Production Deployment Pipeline: missing / critical_failure
[2025-09-17 14:38:13,536] ENFORCEMENT: 🚨 CI Health Dashboard: completed / failure
[2025-09-17 14:38:13,537] ENFORCEMENT: 
[2025-09-17 14:38:13,537] ENFORCEMENT: 🚨 CRITICAL ENFORCEMENT VIOLATIONS:
[2025-09-17 14:38:13,537] ENFORCEMENT:    - Stellar Hummingbot Connector CI: missing / critical_failure
[2025-09-17 14:38:13,537] ENFORCEMENT:    - Production Deployment Pipeline: missing / critical_failure
[2025-09-17 14:38:13,537] ENFORCEMENT:    - CI Health Dashboard: completed / failure
[2025-09-17 14:38:13,537] ENFORCEMENT: ====================================================================================================
[2025-09-17 14:38:13,542] ENFORCEMENT: 💾 Verified status saved to logs/verified_system_status.json
[2025-09-17 14:38:13,773] ENFORCEMENT: 🔒 INITIATING HARD ENFORCEMENT VERIFICATION...
[2025-09-17 14:38:14,785] ENFORCEMENT: ====================================================================================================
[2025-09-17 14:38:14,785] ENFORCEMENT: 🔒 HARD ENFORCEMENT VERIFICATION RESULT
[2025-09-17 14:38:14,785] ENFORCEMENT: ====================================================================================================
[2025-09-17 14:38:14,786] ENFORCEMENT: Timestamp: 2025-09-17 14:38:14.785382
[2025-09-17 14:38:14,786] ENFORCEMENT: Enforcement Status: 🚨 3/3 CI PIPELINES FAILING
[2025-09-17 14:38:14,786] ENFORCEMENT: Enforcement Action: BLOCK_ALL_SUCCESS_CLAIMS
[2025-09-17 14:38:14,786] ENFORCEMENT: 
[2025-09-17 14:38:14,787] ENFORCEMENT: 🚨 Stellar Hummingbot Connector CI: missing / critical_failure
[2025-09-17 14:38:14,787] ENFORCEMENT: 🚨 Production Deployment Pipeline: missing / critical_failure
[2025-09-17 14:38:14,787] ENFORCEMENT: 🚨 CI Health Dashboard: completed / failure
[2025-09-17 14:38:14,788] ENFORCEMENT: 
[2025-09-17 14:38:14,788] ENFORCEMENT: 🚨 CRITICAL ENFORCEMENT VIOLATIONS:
[2025-09-17 14:38:14,788] ENFORCEMENT:    - Stellar Hummingbot Connector CI: missing / critical_failure
[2025-09-17 14:38:14,788] ENFORCEMENT:    - Production Deployment Pipeline: missing / critical_failure
[2025-09-17 14:38:14,789] ENFORCEMENT:    - CI Health Dashboard: completed / failure
[2025-09-17 14:38:14,789] ENFORCEMENT: ====================================================================================================
