[2025-09-17 11:30:24,018] VERIFICATION: 🔍 Starting comprehensive CI pipeline verification...
[2025-09-17 11:30:24,999] VERIFICATION: ❌ Verification failed: Expecting value: line 1 column 1 (char 0)
[2025-09-17 11:31:20,554] VERIFICATION: 🔍 Starting comprehensive CI pipeline verification...
[2025-09-17 11:31:21,579] VERIFICATION: ❌ Verification failed: Expecting value: line 1 column 1 (char 0)
[2025-09-17 11:32:29,357] VERIFICATION: 🔍 Starting comprehensive CI pipeline verification...
[2025-09-17 11:32:30,373] VERIFICATION: ================================================================================
[2025-09-17 11:32:30,374] VERIFICATION: 🔍 CI PIPELINE COMPREHENSIVE VERIFICATION RESULT
[2025-09-17 11:32:30,374] VERIFICATION: ================================================================================
[2025-09-17 11:32:30,374] VERIFICATION: Timestamp: 2025-09-17 11:32:30.373758
[2025-09-17 11:32:30,374] VERIFICATION: Overall Status: ❌ 3/3 CI PIPELINES FAILING
[2025-09-17 11:32:30,375] VERIFICATION: 
[2025-09-17 11:32:30,375] VERIFICATION: 🟡 Stellar Hummingbot Connector CI: missing / unknown
[2025-09-17 11:32:30,375] VERIFICATION: 🟡 Production Deployment Pipeline: missing / unknown
[2025-09-17 11:32:30,375] VERIFICATION: 🟡 CI Health Dashboard: missing / unknown
[2025-09-17 11:32:30,375] VERIFICATION: 
[2025-09-17 11:32:30,376] VERIFICATION: ❌ FAILING PIPELINES:
[2025-09-17 11:32:30,376] VERIFICATION:    - Stellar Hummingbot Connector CI: missing / unknown
[2025-09-17 11:32:30,376] VERIFICATION:    - Production Deployment Pipeline: missing / unknown
[2025-09-17 11:32:30,376] VERIFICATION:    - CI Health Dashboard: missing / unknown
[2025-09-17 11:32:30,376] VERIFICATION: ================================================================================
[2025-09-17 11:35:04,716] VERIFICATION: 🚨 MANDATORY VERIFICATION for success claim: CI Pipeline Implementation Complete
[2025-09-17 11:35:04,717] VERIFICATION: 🔍 Starting comprehensive CI pipeline verification...
[2025-09-17 11:35:05,668] VERIFICATION: ================================================================================
[2025-09-17 11:35:05,669] VERIFICATION: 🔍 CI PIPELINE COMPREHENSIVE VERIFICATION RESULT
[2025-09-17 11:35:05,670] VERIFICATION: ================================================================================
[2025-09-17 11:35:05,670] VERIFICATION: Timestamp: 2025-09-17 11:35:05.668907
[2025-09-17 11:35:05,671] VERIFICATION: Overall Status: ❌ 3/3 CI PIPELINES FAILING
[2025-09-17 11:35:05,671] VERIFICATION: 
[2025-09-17 11:35:05,671] VERIFICATION: 🟡 Stellar Hummingbot Connector CI: missing / unknown
[2025-09-17 11:35:05,671] VERIFICATION: 🟡 Production Deployment Pipeline: missing / unknown
[2025-09-17 11:35:05,671] VERIFICATION: 🟡 CI Health Dashboard: missing / unknown
[2025-09-17 11:35:05,671] VERIFICATION: 
[2025-09-17 11:35:05,672] VERIFICATION: ❌ FAILING PIPELINES:
[2025-09-17 11:35:05,672] VERIFICATION:    - Stellar Hummingbot Connector CI: missing / unknown
[2025-09-17 11:35:05,672] VERIFICATION:    - Production Deployment Pipeline: missing / unknown
[2025-09-17 11:35:05,672] VERIFICATION:    - CI Health Dashboard: missing / unknown
[2025-09-17 11:35:05,672] VERIFICATION: ================================================================================
[2025-09-17 12:48:54,496] VERIFICATION: 🚨 MANDATORY VERIFICATION for success claim: CI Pipeline Fixes Committed
[2025-09-17 12:48:54,496] VERIFICATION: 🔍 Starting comprehensive CI pipeline verification...
[2025-09-17 12:48:55,618] VERIFICATION: ================================================================================
[2025-09-17 12:48:55,618] VERIFICATION: 🔍 CI PIPELINE COMPREHENSIVE VERIFICATION RESULT
[2025-09-17 12:48:55,619] VERIFICATION: ================================================================================
[2025-09-17 12:48:55,619] VERIFICATION: Timestamp: 2025-09-17 12:48:55.617982
[2025-09-17 12:48:55,619] VERIFICATION: Overall Status: ❌ 3/3 CI PIPELINES FAILING
[2025-09-17 12:48:55,619] VERIFICATION: 
[2025-09-17 12:48:55,620] VERIFICATION: 🟡 Stellar Hummingbot Connector CI: missing / unknown
[2025-09-17 12:48:55,620] VERIFICATION: 🟡 Production Deployment Pipeline: missing / unknown
[2025-09-17 12:48:55,620] VERIFICATION: ❌ CI Health Dashboard: completed / failure
[2025-09-17 12:48:55,621] VERIFICATION: 
[2025-09-17 12:48:55,621] VERIFICATION: ❌ FAILING PIPELINES:
[2025-09-17 12:48:55,621] VERIFICATION:    - Stellar Hummingbot Connector CI: missing / unknown
[2025-09-17 12:48:55,621] VERIFICATION:    - Production Deployment Pipeline: missing / unknown
[2025-09-17 12:48:55,621] VERIFICATION:    - CI Health Dashboard: completed / failure
[2025-09-17 12:48:55,621] VERIFICATION: ================================================================================
[2025-09-17 12:51:28,285] VERIFICATION: 🚨 MANDATORY VERIFICATION for success claim: Complete CI Pipeline Fixes
[2025-09-17 12:51:28,286] VERIFICATION: 🔍 Starting comprehensive CI pipeline verification...
[2025-09-17 12:51:29,334] VERIFICATION: ================================================================================
[2025-09-17 12:51:29,336] VERIFICATION: 🔍 CI PIPELINE COMPREHENSIVE VERIFICATION RESULT
[2025-09-17 12:51:29,336] VERIFICATION: ================================================================================
[2025-09-17 12:51:29,336] VERIFICATION: Timestamp: 2025-09-17 12:51:29.334792
[2025-09-17 12:51:29,337] VERIFICATION: Overall Status: ❌ 3/3 CI PIPELINES FAILING
[2025-09-17 12:51:29,337] VERIFICATION: 
[2025-09-17 12:51:29,337] VERIFICATION: 🟡 Stellar Hummingbot Connector CI: missing / unknown
[2025-09-17 12:51:29,337] VERIFICATION: 🟡 Production Deployment Pipeline: missing / unknown
[2025-09-17 12:51:29,338] VERIFICATION: ❌ CI Health Dashboard: completed / failure
[2025-09-17 12:51:29,338] VERIFICATION: 
[2025-09-17 12:51:29,338] VERIFICATION: ❌ FAILING PIPELINES:
[2025-09-17 12:51:29,338] VERIFICATION:    - Stellar Hummingbot Connector CI: missing / unknown
[2025-09-17 12:51:29,339] VERIFICATION:    - Production Deployment Pipeline: missing / unknown
[2025-09-17 12:51:29,339] VERIFICATION:    - CI Health Dashboard: completed / failure
[2025-09-17 12:51:29,339] VERIFICATION: ================================================================================
[2025-09-17 13:06:05,515] VERIFICATION: 🔍 Starting comprehensive CI pipeline verification...
[2025-09-17 13:06:06,583] VERIFICATION: ================================================================================
[2025-09-17 13:06:06,583] VERIFICATION: 🔍 CI PIPELINE COMPREHENSIVE VERIFICATION RESULT
[2025-09-17 13:06:06,583] VERIFICATION: ================================================================================
[2025-09-17 13:06:06,583] VERIFICATION: Timestamp: 2025-09-17 13:06:06.583102
[2025-09-17 13:06:06,584] VERIFICATION: Overall Status: ❌ 3/3 CI PIPELINES FAILING
[2025-09-17 13:06:06,584] VERIFICATION: 
[2025-09-17 13:06:06,584] VERIFICATION: 🟡 Stellar Hummingbot Connector CI: missing / unknown
[2025-09-17 13:06:06,584] VERIFICATION: 🟡 Production Deployment Pipeline: missing / unknown
[2025-09-17 13:06:06,584] VERIFICATION: ❌ CI Health Dashboard: completed / failure
[2025-09-17 13:06:06,584] VERIFICATION: 
[2025-09-17 13:06:06,584] VERIFICATION: ❌ FAILING PIPELINES:
[2025-09-17 13:06:06,585] VERIFICATION:    - Stellar Hummingbot Connector CI: missing / unknown
[2025-09-17 13:06:06,585] VERIFICATION:    - Production Deployment Pipeline: missing / unknown
[2025-09-17 13:06:06,585] VERIFICATION:    - CI Health Dashboard: completed / failure
[2025-09-17 13:06:06,585] VERIFICATION: ================================================================================
[2025-09-17 14:20:18,187] VERIFICATION: 🚨 MANDATORY VERIFICATION for success claim: MISSION ACCOMPLISHED CI Pipeline Status
[2025-09-17 14:20:18,188] VERIFICATION: 🔍 Starting comprehensive CI pipeline verification...
[2025-09-17 14:20:19,266] VERIFICATION: ================================================================================
[2025-09-17 14:20:19,267] VERIFICATION: 🔍 CI PIPELINE COMPREHENSIVE VERIFICATION RESULT
[2025-09-17 14:20:19,267] VERIFICATION: ================================================================================
[2025-09-17 14:20:19,268] VERIFICATION: Timestamp: 2025-09-17 14:20:19.266796
[2025-09-17 14:20:19,268] VERIFICATION: Overall Status: ❌ 3/3 CI PIPELINES FAILING
[2025-09-17 14:20:19,268] VERIFICATION: 
[2025-09-17 14:20:19,269] VERIFICATION: 🟡 Stellar Hummingbot Connector CI: missing / unknown
[2025-09-17 14:20:19,269] VERIFICATION: 🟡 Production Deployment Pipeline: missing / unknown
[2025-09-17 14:20:19,269] VERIFICATION: ❌ CI Health Dashboard: completed / failure
[2025-09-17 14:20:19,269] VERIFICATION: 
[2025-09-17 14:20:19,269] VERIFICATION: ❌ FAILING PIPELINES:
[2025-09-17 14:20:19,269] VERIFICATION:    - Stellar Hummingbot Connector CI: missing / unknown
[2025-09-17 14:20:19,270] VERIFICATION:    - Production Deployment Pipeline: missing / unknown
[2025-09-17 14:20:19,270] VERIFICATION:    - CI Health Dashboard: completed / failure
[2025-09-17 14:20:19,270] VERIFICATION: ================================================================================
